<?xml version="1.0" encoding="UTF-8"?>
<!-- Generated by org.testng.reporters.JUnitXMLReporter -->
<testsuite ignored="0" hostname="TYSS-Sunil" failures="1" tests="6" name="Test" time="22.805" errors="0" timestamp="2023-09-03T15:19:37 IST">
  <testcase classname="com.amazon.testcase.E2E_Flow" name="OneTest" time="0.416"/>
  <testcase classname="com.amazon.testcase.E2E_Flow" name="TwoTest" time="2.076"/>
  <testcase classname="com.amazon.testcase.E2E_Flow" name="ThreeTest" time="5.348"/>
  <testcase classname="com.amazon.testcase.E2E_Flow" name="FourTest" time="10.377"/>
  <testcase classname="com.amazon.testcase.E2E_Flow" name="FiveTest" time="0.108">
    <failure type="java.lang.AssertionError" message="expected [false] but found [true]">
      <![CDATA[java.lang.AssertionError: expected [false] but found [true]
at com.amazon.testcase.E2E_Flow.FiveTest(E2E_Flow.java:47)
at java.base/java.util.ArrayList.forEach(ArrayList.java:1511)
... Removed 31 stack frames]]>
    </failure>
  </testcase> <!-- FiveTest -->
  <testcase classname="com.amazon.testcase.E2E_Flow" name="SixTest" time="0.0">
    <skipped/>
  </testcase> <!-- SixTest -->
</testsuite> <!-- Test -->
